20230429	13:59:37	22fd3ef5-9a0a-4d7f-aa83-27bac7d5d1db	GET	/	undefined
20230429	13:59:37	d8d0ba9a-4fc1-44a1-b5c9-8a15fe0299e2	GET	/css/style.css	undefined
20230429	14:02:14	4790918f-090e-4502-aa60-991ff43a519d	GET	/css/style.css	undefined
20230429	14:02:17	919b5fd4-3a8f-45d6-a4ff-c95f2f844d64	GET	/	undefined
20230430	10:50:43	2ac66f4a-84a5-4574-b4f0-b69ae0d2b53b	GET	/api/users/	undefined
20230430	10:50:50	f7d27537-3443-494f-905b-4abb585a3863	GET	/api/user	undefined
20230430	10:50:52	04ffda7a-58cd-4e44-81fb-a88977da4ee3	GET	/api/users	undefined
20230430	10:50:57	6d51e8eb-93dc-4915-bdc8-1ac5b02cb6c2	GET	/users/	undefined
20230430	10:51:43	0123db6b-f19a-442b-abd4-b1bda35e3d0b	GET	/getAllUsers	undefined
20230430	10:51:48	78742e71-eda8-4dc6-9760-c0bfe42276a3	GET	/api/getAllUsers	undefined
20230430	10:51:52	a9a56906-3a62-47d7-a190-469a6c133459	GET	/api/getAllUsers/	undefined
20230430	10:53:51	f383688f-6061-45fd-971a-f762c9433762	GET	/	undefined
20230430	10:54:06	b44a7b40-f655-4207-834c-4df50bdcb2a4	GET	/api	undefined
20230430	10:54:33	380dea1b-a9bd-4270-814b-8a1339cb541c	GET	/api	undefined
20230430	10:55:39	79981c7d-2689-4840-b566-27872c258832	GET	/api/user	undefined
20230430	10:56:42	256342f6-592f-46a7-888c-69e647e749e8	POST	/api/user	undefined
20230430	10:56:54	fa481d75-e647-42b4-8ca4-48218bc9d194	POST	/api/user	undefined
20230430	10:57:10	0864346e-a161-429b-b90c-d21c0b5b0ef0	POST	/api/user	undefined
20230430	11:00:17	64266ca8-4a3d-4ab3-a4f7-2868b3e4c2bb	PATCH	/api/user	undefined
20230430	11:01:11	92fa421e-5d2c-4f72-9b9d-bf220dbd53b8	DELETE	/api/user	undefined
20230430	11:02:27	748571a5-39c7-4baf-8f18-e4adf9c96f3c	DELETE	/api/user	undefined
20230430	11:25:14	7c6bdad5-00d6-4fcc-aaa1-8984cd388782	GET	/api/user	undefined
